
{
	gl.supports_vertex_array_object: true
	cocos2d.x.version: quick-cocos2d-x 3.3
	gl.vendor: NVIDIA Corporation
	gl.supports_PVRTC: false
	gl.renderer: NVIDIA GeForce GT 750M OpenGL Engine
	cocos2d.x.compiled_with_profiler: false
	gl.max_texture_size: 16384
	gl.supports_ETC1: false
	gl.supports_BGRA8888: false
	cocos2d.x.build_type: DEBUG
	gl.supports_discard_framebuffer: false
	gl.supports_NPOT: true
	gl.supports_S3TC: true
	gl.version: 2.1 NVIDIA-10.2.7 310.41.25f01
	gl.supports_ATITC: false
	gl.max_texture_units: 16
	cocos2d.x.compiled_with_gl_state_cache: true
}


Quick-Cocos2d-x C++ support ready.
------------------------------------------------
LOAD LUA FILE: /Users/imbahom_mbp/Documents/quick-3.3/quick/samples/ui/src/main.lua
------------------------------------------------
[LUA-print] ===========================================================
[LUA-print]               LOAD QUICK FRAMEWORK
[LUA-print] ===========================================================
[LUA-print] [INFO] 
[LUA-print] [INFO] # DEBUG                        = 1
[LUA-print] [INFO] #
[LUA-print] [INFO] # device.platform              = mac
[LUA-print] [INFO] # device.model                 = unknown
[LUA-print] [INFO] # device.language              = cn
[LUA-print] [INFO] # device.writablePath          = /Users/imbahom_mbp/Documents/quick-3.3/quick/samples/ui/
[LUA-print] [INFO] # device.directorySeparator    = /
[LUA-print] [INFO] # device.pathSeparator         = :
[LUA-print] [INFO] #
libpng warning: iCCP: known incorrect sRGB profile
[LUA-print] [INFO] # CONFIG_SCREEN_AUTOSCALE      = FIXED_HEIGHT
[LUA-print] [INFO] # CONFIG_SCREEN_WIDTH          = 960.00
[LUA-print] [INFO] # CONFIG_SCREEN_HEIGHT         = 640.00
[LUA-print] [INFO] # display.widthInPixels        = 960.00
[LUA-print] [INFO] # display.heightInPixels       = 640.00
[LUA-print] [INFO] # display.contentScaleFactor   = 1.00
[LUA-print] [INFO] # display.width                = 960.00
[LUA-print] [INFO] # display.height               = 640.00
[LUA-print] [INFO] # display.cx                   = 480.00
[LUA-print] [INFO] # display.cy                   = 320.00
[LUA-print] [INFO] # display.left                 = 0.00
[LUA-print] [INFO] # display.right                = 960.00
[LUA-print] [INFO] # display.top                  = 640.00
[LUA-print] [INFO] # display.bottom               = 0.00
[LUA-print] [INFO] # display.c_left               = -480.00
[LUA-print] [INFO] # display.c_right              = 480.00
[LUA-print] [INFO] # display.c_top                = 320.00
[LUA-print] [INFO] # display.c_bottom             = -320.00
[LUA-print] [INFO] #
[LUA-print] fuck
[LUA-print] fuck
[LUA-print] fuck
[LUA-print] fuck
[LUA-print] fuck
[LUA-print] fuck
[LUA-print] fuck
[LUA-print] fuck
[LUA-print] fuck
[LUA-print] fuck
[LUA-print] Option 4 selected, Option 0 unselected
[LUA-print] fuck
[LUA-print] fuck
[LUA-print] fuck
[LUA-print] fuck
[LUA-print] fuck
[LUA-print] fuck
[LUA-print] fuck
[LUA-print] fuck
[LUA-print] fuck
[LUA-print] fuck
[LUA-print] fuck
[LUA-print] fuck
[LUA-print] fuck
[LUA-print] fuck
[LUA-print] fuck
[LUA-print] fuck
[LUA-print] fuck
[LUA-print] fuck
[LUA-print] fuck
[LUA-print] fuck
[LUA-print] fuck
[LUA-print] fuck
[LUA-print] fuck
[LUA-print] fuck
[LUA-print] fuck
[LUA-print] fuck
[LUA-print] fuck
[LUA-print] fuck
[LUA-print] fuck
[LUA-print] fuck
[LUA-print] fuck
[LUA-print] fuck
[LUA-print] fuck
[LUA-print] fuck
[LUA-print] fuck
[LUA-print] fuck
[LUA-print] fuck
[LUA-print] fuck
[LUA-print] fuck
[LUA-print] fuck
[LUA-print] fuck
[LUA-print] fuck
[LUA-print] fuck
[LUA-print] fuck
[LUA-print] fuck
[LUA-print] fuck
[LUA-print] fuck
[LUA-print] fuck
[LUA-print] fuck
[LUA-print] fuck
[LUA-print] fuck
[LUA-print] fuck
[LUA-print] fuck
[LUA-print] fuck
[LUA-print] fuck
[LUA-print] fuck
[LUA-print] fuck
[LUA-print] fuck
[LUA-print] fuck
[LUA-print] fuck
[LUA-print] fuck
[LUA-print] fuck
[LUA-print] fuck
[LUA-print] fuck
[LUA-print] fuck
[LUA-print] fuck
[LUA-print] fuck
[LUA-print] fuck
[LUA-print] fuck
[LUA-print] fuck
[LUA-print] fuck
[LUA-print] fuck
[LUA-print] fuck
[LUA-print] fuck
[LUA-print] fuck
[LUA-print] fuck
[LUA-print] fuck
[LUA-print] fuck
[LUA-print] fuck
[LUA-print] fuck
[LUA-print] fuck
[LUA-print] fuck
[LUA-print] fuck
[LUA-print] fuck
[LUA-print] fuck
[LUA-print] fuck
[LUA-print] fuck
[LUA-print] fuck
[LUA-print] fuck
[LUA-print] fuck
[LUA-print] fuck
[LUA-print] fuck
[LUA-print] fuck
[LUA-print] fuck
[LUA-print] fuck
[LUA-print] fuck
[LUA-print] fuck
[LUA-print] fuck
[LUA-print] fuck
[LUA-print] fuck
[LUA-print] fuck
[LUA-print] fuck
[LUA-print] fuck
[LUA-print] fuck
[LUA-print] fuck
[LUA-print] fuck
[LUA-print] fuck
[LUA-print] fuck
[LUA-print] fuck
[LUA-print] fuck
[LUA-print] fuck
[LUA-print] fuck
[LUA-print] fuck
[LUA-print] fuck
[LUA-print] fuck
[LUA-print] fuck
[LUA-print] fuck
[LUA-print] fuck
[LUA-print] event name:began
[LUA-print] event name:itemAppearChange
[LUA-print] event name:itemDisappear
[LUA-print] event name:itemAppearChange
[LUA-print] event name:itemAppear
[LUA-print] event name:itemAppearChange
[LUA-print] event name:itemDisappear
[LUA-print] event name:itemDisappear
[LUA-print] event name:itemDisappear
[LUA-print] event name:itemDisappear
[LUA-print] event name:itemAppearChange
[LUA-print] event name:itemAppear
[LUA-print] event name:itemAppear
[LUA-print] event name:itemAppear
[LUA-print] event name:itemAppear
[LUA-print] event name:itemAppearChange
[LUA-print] event name:itemDisappear
[LUA-print] event name:itemAppearChange
[LUA-print] event name:itemAppear
[LUA-print] event name:itemAppearChange
[LUA-print] event name:itemDisappear
[LUA-print] event name:itemAppearChange
[LUA-print] event name:itemAppear
[LUA-print] event name:itemAppearChange
[LUA-print] event name:itemDisappear
[LUA-print] event name:itemAppearChange
[LUA-print] event name:itemAppear
[LUA-print] event name:itemAppearChange
[LUA-print] event name:itemDisappear
[LUA-print] event name:itemAppearChange
[LUA-print] event name:itemAppear
[LUA-print] event name:itemAppearChange
[LUA-print] event name:itemDisappear
[LUA-print] event name:itemAppearChange
[LUA-print] event name:itemAppear
[LUA-print] event name:itemDisappear
[LUA-print] event name:itemAppearChange
[LUA-print] event name:itemDisappear
[LUA-print] event name:itemAppearChange
[LUA-print] event name:itemAppearChange
[LUA-print] event name:itemAppear
[LUA-print] event name:itemAppearChange
[LUA-print] event name:itemAppear
[LUA-print] event name:itemAppearChange
[LUA-print] event name:itemAppear
[LUA-print] event name:itemAppearChange
[LUA-print] event name:scrollEnd
[LUA-print] event name:itemAppear
[LUA-print] event name:began
[LUA-print] event name:itemDisappear
[LUA-print] event name:itemAppearChange
[LUA-print] event name:itemDisappear
[LUA-print] event name:itemAppearChange
[LUA-print] event name:itemDisappear
[LUA-print] event name:itemDisappear
[LUA-print] event name:itemAppearChange
[LUA-print] event name:itemDisappear
[LUA-print] event name:itemAppearChange
[LUA-print] event name:itemAppearChange
[LUA-print] event name:itemAppear
[LUA-print] event name:itemAppearChange
[LUA-print] event name:itemAppear
[LUA-print] event name:itemAppearChange
[LUA-print] event name:itemAppear
[LUA-print] event name:itemAppearChange
[LUA-print] event name:itemAppear
[LUA-print] event name:itemAppearChange
[LUA-print] event name:itemAppear
[LUA-print] event name:itemAppearChange
[LUA-print] event name:scrollEnd
[LUA-print] event name:itemAppear
[LUA-print] event name:began
[LUA-print] event name:itemAppearChange
[LUA-print] event name:itemAppearChange
[LUA-print] event name:itemAppear
[LUA-print] event name:itemAppearChange
[LUA-print] event name:itemDisappear
[LUA-print] event name:itemAppearChange
[LUA-print] event name:itemAppear
[LUA-print] event name:itemAppearChange
[LUA-print] event name:itemDisappear
[LUA-print] event name:itemAppearChange
[LUA-print] event name:itemAppear
[LUA-print] event name:itemAppearChange
[LUA-print] event name:itemDisappear
[LUA-print] event name:itemAppearChange
[LUA-print] event name:itemAppear
[LUA-print] event name:itemAppearChange
[LUA-print] event name:itemDisappear
[LUA-print] event name:itemAppearChange
[LUA-print] event name:itemAppear
[LUA-print] event name:itemAppearChange
[LUA-print] event name:itemDisappear
[LUA-print] event name:itemAppearChange
[LUA-print] event name:itemAppear
[LUA-print] event name:itemAppearChange
[LUA-print] event name:itemDisappear
[LUA-print] fuck
[LUA-print] fuck
[LUA-print] fuck
[LUA-print] fuck
[LUA-print] fuck
[LUA-print] fuck
[LUA-print] fuck
[LUA-print] fuck
[LUA-print] fuck
[LUA-print] fuck
[LUA-print] fuck
[LUA-print] fuck
[LUA-print] fuck
[LUA-print] fuck
[LUA-print] fuck
[LUA-print] fuck
[LUA-print] fuck
[LUA-print] event name:began
[LUA-print] event name:itemDisappear
[LUA-print] event name:itemAppearChange
[LUA-print] event name:itemAppear
[LUA-print] event name:itemAppearChange
[LUA-print] event name:itemDisappear
[LUA-print] event name:itemDisappear
[LUA-print] event name:itemAppearChange
[LUA-print] event name:itemAppear
[LUA-print] event name:itemAppear
[LUA-print] event name:itemAppearChange
[LUA-print] event name:itemDisappear
[LUA-print] event name:itemDisappear
[LUA-print] event name:itemAppearChange
[LUA-print] event name:itemAppear
[LUA-print] event name:itemAppear
[LUA-print] event name:itemAppearChange
[LUA-print] event name:itemDisappear
[LUA-print] event name:itemAppearChange
[LUA-print] event name:itemAppear
[LUA-print] event name:itemAppearChange
[LUA-print] event name:itemDisappear
[LUA-print] event name:itemAppearChange
[LUA-print] event name:itemAppear
[LUA-print] event name:itemDisappear
[LUA-print] event name:itemAppearChange
[LUA-print] event name:itemDisappear
[LUA-print] event name:itemAppearChange
[LUA-print] event name:itemDisappear
[LUA-print] event name:itemAppearChange
[LUA-print] event name:itemDisappear
[LUA-print] event name:itemAppearChange
[LUA-print] event name:itemDisappear
[LUA-print] event name:itemAppearChange
[LUA-print] event name:itemDisappear
[LUA-print] event name:itemAppearChange
[LUA-print] event name:itemAppearChange
[LUA-print] event name:itemAppear
[LUA-print] event name:itemAppear
[LUA-print] event name:itemAppearChange
[LUA-print] event name:itemAppear
[LUA-print] event name:itemAppearChange
[LUA-print] event name:itemAppear
[LUA-print] event name:itemAppearChange
[LUA-print] event name:itemAppear
[LUA-print] event name:itemAppearChange
[LUA-print] event name:itemAppear
[LUA-print] event name:itemAppearChange
[LUA-print] event name:itemAppear
[LUA-print] event name:itemAppearChange
[LUA-print] event name:began
[LUA-print] event name:itemDisappear
[LUA-print] event name:itemAppearChange
[LUA-print] event name:itemAppear
[LUA-print] event name:itemDisappear
[LUA-print] event name:itemAppearChange
[LUA-print] event name:itemDisappear
[LUA-print] event name:itemAppearChange
[LUA-print] event name:itemDisappear
[LUA-print] event name:itemDisappear
[LUA-print] event name:itemAppearChange
[LUA-print] event name:itemAppearChange
[LUA-print] event name:itemAppear
[LUA-print] event name:itemAppearChange
[LUA-print] event name:itemAppear
[LUA-print] event name:itemAppearChange
[LUA-print] event name:itemAppear
[LUA-print] event name:itemAppearChange
[LUA-print] event name:itemAppear
[LUA-print] event name:itemAppearChange
[LUA-print] event name:itemAppear
[LUA-print] event name:itemAppearChange
[LUA-print] event name:scrollEnd
[LUA-print] event name:itemAppear
[LUA-print] event name:began
[LUA-print] event name:itemAppearChange
[LUA-print] event name:itemAppearChange
[LUA-print] event name:itemAppear
[LUA-print] event name:itemAppear
[LUA-print] event name:itemAppearChange
[LUA-print] event name:itemDisappear
[LUA-print] event name:itemDisappear
[LUA-print] event name:itemAppearChange
[LUA-print] event name:itemAppear
[LUA-print] event name:itemAppearChange
[LUA-print] event name:itemDisappear
[LUA-print] event name:itemAppearChange
[LUA-print] event name:itemAppear
[LUA-print] event name:itemAppear
[LUA-print] event name:itemAppear
[LUA-print] event name:itemAppearChange
[LUA-print] event name:itemDisappear
[LUA-print] event name:itemDisappear
[LUA-print] event name:itemDisappear
[LUA-print] event name:itemAppearChange
[LUA-print] event name:itemAppear
[LUA-print] event name:itemAppear
[LUA-print] event name:itemAppearChange
[LUA-print] event name:itemDisappear
[LUA-print] event name:itemDisappear
[LUA-print] event name:itemAppearChange
[LUA-print] event name:itemAppear
[LUA-print] event name:itemAppearChange
[LUA-print] event name:itemDisappear
[LUA-print] event name:itemAppear
[LUA-print] event name:itemAppearChange
[LUA-print] event name:itemDisappear
[LUA-print] event name:itemDisappear
[LUA-print] event name:itemAppearChange
[LUA-print] event name:itemDisappear
[LUA-print] event name:itemAppearChange
[LUA-print] event name:itemDisappear
[LUA-print] event name:itemAppearChange
[LUA-print] event name:itemDisappear
[LUA-print] event name:itemDisappear
[LUA-print] event name:itemAppearChange
[LUA-print] event name:itemDisappear
[LUA-print] event name:itemAppearChange
[LUA-print] event name:itemDisappear
[LUA-print] event name:itemAppearChange
[LUA-print] event name:itemDisappear
[LUA-print] event name:itemAppearChange
[LUA-print] event name:itemDisappear
[LUA-print] event name:itemDisappear
[LUA-print] event name:itemAppear
[LUA-print] event name:itemAppear
[LUA-print] event name:itemAppearChange
[LUA-print] event name:itemAppear
[LUA-print] event name:itemAppear
[LUA-print] event name:itemAppear
[LUA-print] event name:itemAppearChange
[LUA-print] event name:itemAppear
[LUA-print] event name:itemAppearChange
[LUA-print] event name:itemAppear
[LUA-print] event name:itemAppear
[LUA-print] event name:itemAppearChange
[LUA-print] event name:itemAppear
[LUA-print] event name:itemAppearChange
[LUA-print] event name:itemAppearChange
[LUA-print] event name:itemAppear
[LUA-print] event name:itemAppearChange
[LUA-print] event name:itemDisappear
[LUA-print] event name:itemAppearChange
[LUA-print] event name:itemAppear
[LUA-print] event name:itemAppearChange
[LUA-print] event name:itemAppearChange
[LUA-print] event name:itemAppear
[LUA-print] event name:itemAppearChange
[LUA-print] event name:itemDisappear
[LUA-print] event name:scrollEnd
[LUA-print] event name:itemAppear
[LUA-print] event name:began
[LUA-print] event name:itemAppearChange
[LUA-print] event name:itemDisappear
[LUA-print] event name:itemDisappear
[LUA-print] event name:itemAppearChange
[LUA-print] event name:itemAppear
[LUA-print] event name:itemAppear
[LUA-print] event name:itemAppearChange
[LUA-print] event name:itemDisappear
[LUA-print] event name:itemDisappear
[LUA-print] event name:itemDisappear
[LUA-print] event name:itemDisappear
[LUA-print] event name:itemAppearChange
[LUA-print] event name:itemAppear
[LUA-print] event name:itemAppear
[LUA-print] event name:itemAppear
[LUA-print] event name:itemAppear
[LUA-print] event name:itemAppearChange
[LUA-print] event name:itemDisappear
[LUA-print] event name:itemDisappear
[LUA-print] event name:itemAppearChange
[LUA-print] event name:itemAppear
[LUA-print] event name:itemAppear
[LUA-print] event name:itemAppearChange
[LUA-print] event name:itemDisappear
[LUA-print] event name:itemDisappear
[LUA-print] event name:itemAppearChange
[LUA-print] event name:itemAppear
[LUA-print] event name:itemAppear
[LUA-print] event name:itemDisappear
[LUA-print] event name:itemDisappear
[LUA-print] event name:itemDisappear
[LUA-print] event name:itemAppearChange
[LUA-print] event name:itemDisappear
[LUA-print] event name:itemDisappear
[LUA-print] event name:itemAppearChange
[LUA-print] event name:itemDisappear
[LUA-print] event name:itemAppearChange
[LUA-print] event name:itemDisappear
[LUA-print] event name:itemDisappear
[LUA-print] event name:itemAppearChange
[LUA-print] event name:itemDisappear
[LUA-print] event name:itemAppearChange
[LUA-print] event name:itemDisappear
[LUA-print] event name:itemAppearChange
[LUA-print] event name:itemAppearChange
[LUA-print] event name:itemAppear
[LUA-print] event name:itemAppear
[LUA-print] event name:itemAppear
[LUA-print] event name:itemAppearChange
[LUA-print] event name:itemAppear
[LUA-print] event name:itemAppear
[LUA-print] event name:itemAppear
[LUA-print] event name:itemAppear
[LUA-print] event name:itemAppearChange
[LUA-print] event name:itemAppear
[LUA-print] event name:itemAppear
[LUA-print] event name:itemAppearChange
[LUA-print] event name:itemAppear
[LUA-print] event name:itemAppearChange
[LUA-print] event name:itemAppearChange
[LUA-print] event name:itemAppear
[LUA-print] event name:itemAppearChange
[LUA-print] event name:itemDisappear
[LUA-print] event name:itemDisappear
[LUA-print] event name:itemAppearChange
[LUA-print] event name:itemAppear
[LUA-print] event name:itemAppearChange
[LUA-print] event name:scrollEnd
[LUA-print] event name:itemAppear
[LUA-print] event name:began
[LUA-print] event name:itemAppearChange
[LUA-print] event name:itemAppearChange
[LUA-print] event name:itemAppear
[LUA-print] event name:itemAppearChange
[LUA-print] event name:itemDisappear
[LUA-print] event name:itemAppearChange
[LUA-print] event name:itemAppear
[LUA-print] event name:itemAppearChange
[LUA-print] event name:itemDisappear
[LUA-print] event name:itemAppearChange
[LUA-print] event name:itemAppear
[LUA-print] event name:itemAppearChange
[LUA-print] event name:itemDisappear
[LUA-print] event name:itemAppearChange
[LUA-print] event name:itemAppear
[LUA-print] event name:itemAppearChange
[LUA-print] event name:itemDisappear
[LUA-print] event name:itemAppearChange
[LUA-print] event name:itemAppear
[LUA-print] event name:itemAppearChange
[LUA-print] event name:itemDisappear
[LUA-print] event name:began
[LUA-print] event name:itemAppearChange
[LUA-print] event name:itemAppear
[LUA-print] event name:itemAppearChange
[LUA-print] event name:itemDisappear
[LUA-print] event name:itemAppearChange
[LUA-print] event name:itemAppear
[LUA-print] event name:itemAppearChange
[LUA-print] event name:itemDisappear
[LUA-print] event name:itemAppearChange
[LUA-print] event name:itemAppear
[LUA-print] event name:itemAppearChange
[LUA-print] event name:itemDisappear
[LUA-print] event name:itemDisappear
[LUA-print] event name:itemAppearChange
[LUA-print] event name:itemAppear
[LUA-print] event name:itemAppearChange
[LUA-print] event name:itemDisappear
[LUA-print] event name:itemAppearChange
[LUA-print] event name:itemAppear
[LUA-print] event name:itemAppearChange
[LUA-print] event name:itemDisappear
[LUA-print] event name:itemAppearChange
[LUA-print] event name:itemAppear
[LUA-print] event name:itemAppearChange
[LUA-print] event name:itemDisappear
[LUA-print] event name:itemAppearChange
[LUA-print] event name:itemAppear
[LUA-print] event name:itemAppearChange
[LUA-print] event name:itemDisappear
[LUA-print] event name:itemAppearChange
[LUA-print] event name:itemAppear
[LUA-print] event name:itemAppearChange
[LUA-print] event name:itemDisappear
[LUA-print] event name:itemAppearChange
[LUA-print] event name:itemAppear
[LUA-print] event name:itemAppearChange
[LUA-print] event name:itemDisappear
[LUA-print] event name:itemAppearChange
[LUA-print] event name:itemAppear
[LUA-print] event name:itemAppearChange
[LUA-print] event name:itemDisappear
[LUA-print] event name:itemAppearChange
[LUA-print] event name:itemAppear
[LUA-print] event name:itemAppearChange
[LUA-print] event name:began
[LUA-print] event name:itemDisappear
[LUA-print] event name:itemAppearChange
[LUA-print] event name:itemAppear
[LUA-print] event name:itemDisappear
[LUA-print] event name:itemAppearChange
[LUA-print] event name:itemDisappear
[LUA-print] event name:itemAppearChange
[LUA-print] event name:itemDisappear
[LUA-print] event name:itemAppearChange
[LUA-print] event name:itemDisappear
[LUA-print] event name:itemAppearChange
[LUA-print] event name:itemAppearChange
[LUA-print] event name:itemAppear
[LUA-print] event name:itemAppearChange
[LUA-print] event name:itemAppear
[LUA-print] event name:itemAppearChange
[LUA-print] event name:itemAppear
[LUA-print] event name:itemAppearChange
[LUA-print] event name:itemAppear
[LUA-print] event name:itemAppearChange
[LUA-print] event name:itemAppear
[LUA-print] event name:itemAppearChange
[LUA-print] event name:itemAppearChange
[LUA-print] event name:itemAppear
[LUA-print] event name:itemAppearChange
[LUA-print] event name:itemDisappear
[LUA-print] event name:itemAppearChange
[LUA-print] event name:itemAppear
[LUA-print] event name:itemAppearChange
[LUA-print] event name:itemDisappear
[LUA-print] event name:itemAppearChange
[LUA-print] event name:itemAppear
[LUA-print] event name:itemAppearChange
[LUA-print] event name:itemDisappear
[LUA-print] event name:itemAppearChange
[LUA-print] event name:itemAppear
[LUA-print] event name:itemAppearChange
[LUA-print] event name:itemDisappear
[LUA-print] event name:itemAppearChange
[LUA-print] event name:itemAppear
[LUA-print] event name:itemAppearChange
[LUA-print] event name:itemDisappear
[LUA-print] event name:itemAppearChange
[LUA-print] event name:itemAppear
[LUA-print] event name:itemAppearChange
[LUA-print] event name:itemDisappear
[LUA-print] event name:itemAppearChange
[LUA-print] event name:itemAppear
[LUA-print] event name:itemAppearChange
[LUA-print] event name:itemDisappear
[LUA-print] event name:itemAppearChange
[LUA-print] event name:itemAppear
[LUA-print] event name:itemAppearChange
[LUA-print] event name:itemDisappear
[LUA-print] event name:began
[LUA-print] event name:itemAppear
[LUA-print] event name:itemAppear
[LUA-print] event name:itemAppearChange
[LUA-print] event name:itemDisappear
[LUA-print] event name:itemDisappear
[LUA-print] event name:itemAppearChange
[LUA-print] event name:itemDisappear
[LUA-print] event name:itemDisappear
[LUA-print] event name:itemAppearChange
[LUA-print] event name:itemDisappear
[LUA-print] event name:itemAppearChange
[LUA-print] event name:itemDisappear
[LUA-print] event name:itemAppearChange
[LUA-print] event name:itemDisappear
[LUA-print] event name:itemAppear
[LUA-print] event name:itemAppearChange
[LUA-print] event name:itemAppear
[LUA-print] event name:itemAppearChange
[LUA-print] event name:itemAppear
[LUA-print] event name:itemAppear
[LUA-print] event name:itemAppearChange
[LUA-print] event name:itemAppear
[LUA-print] event name:itemAppearChange
[LUA-print] event name:itemAppearChange
[LUA-print] event name:itemAppear
[LUA-print] event name:itemAppearChange
[LUA-print] event name:scrollEnd
[LUA-print] event name:itemAppear
[LUA-print] event name:began
[LUA-print] event name:itemAppearChange
[LUA-print] event name:itemDisappear
[LUA-print] event name:itemAppearChange
[LUA-print] event name:itemDisappear
[LUA-print] event name:itemAppearChange
[LUA-print] event name:itemDisappear
[LUA-print] event name:itemDisappear
[LUA-print] event name:itemAppearChange
[LUA-print] event name:itemDisappear
[LUA-print] event name:itemAppearChange
[LUA-print] event name:itemDisappear
[LUA-print] event name:itemAppear
[LUA-print] event name:itemAppear
[LUA-print] event name:itemAppearChange
[LUA-print] event name:itemAppear
[LUA-print] event name:itemAppearChange
[LUA-print] event name:itemAppear
[LUA-print] event name:itemAppearChange
[LUA-print] event name:itemAppear
[LUA-print] event name:itemAppearChange
[LUA-print] event name:itemAppearChange
[LUA-print] event name:itemAppear
[LUA-print] event name:itemAppearChange
[LUA-print] event name:scrollEnd
[LUA-print] event name:itemAppear
[LUA-print] event name:began
[LUA-print] event name:itemAppearChange
[LUA-print] event name:itemDisappear
[LUA-print] event name:itemAppearChange
[LUA-print] event name:itemDisappear
[LUA-print] event name:itemAppearChange
[LUA-print] event name:itemDisappear
[LUA-print] event name:itemAppearChange
[LUA-print] event name:itemDisappear
[LUA-print] event name:itemAppearChange
[LUA-print] event name:itemDisappear
[LUA-print] event name:itemAppearChange
[LUA-print] event name:itemDisappear
[LUA-print] event name:itemAppearChange
[LUA-print] event name:itemDisappear
[LUA-print] event name:itemAppearChange
[LUA-print] event name:itemDisappear
[LUA-print] event name:itemAppearChange
[LUA-print] event name:itemDisappear
[LUA-print] event name:itemAppearChange
[LUA-print] event name:itemDisappear
[LUA-print] event name:itemDisappear
[LUA-print] event name:itemAppear
[LUA-print] event name:itemAppear
[LUA-print] event name:itemAppearChange
[LUA-print] event name:itemAppear
[LUA-print] event name:itemAppear
[LUA-print] event name:itemAppear
[LUA-print] event name:itemAppear
[LUA-print] event name:itemAppearChange
[LUA-print] event name:itemAppear
[LUA-print] event name:itemAppear
[LUA-print] event name:itemAppearChange
[LUA-print] event name:itemAppearChange
[LUA-print] event name:itemAppear
[LUA-print] event name:itemAppear
[LUA-print] event name:itemAppearChange
[LUA-print] event name:itemDisappear
[LUA-print] event name:itemAppearChange
[LUA-print] event name:itemAppear
[LUA-print] event name:itemAppearChange
[LUA-print] event name:itemDisappear
[LUA-print] event name:itemAppearChange
[LUA-print] event name:itemAppear
[LUA-print] event name:itemAppearChange
[LUA-print] event name:itemAppearChange
[LUA-print] event name:itemAppear
[LUA-print] event name:itemAppearChange
[LUA-print] event name:itemDisappear
[LUA-print] event name:itemAppearChange
[LUA-print] event name:itemAppear
[LUA-print] event name:itemAppearChange
[LUA-print] event name:itemDisappear
[LUA-print] event name:scrollEnd
[LUA-print] event name:itemAppear
[LUA-print] fuck
[LUA-print] fuck
[LUA-print] fuck
[LUA-print] fuck
[LUA-print] fuck
[LUA-print] fuck
[LUA-print] fuck
[LUA-print] fuck
[LUA-print] fuck
[LUA-print] fuck
[LUA-print] fuck
[LUA-print] fuck
[LUA-print] fuck
[LUA-print] fuck
[LUA-print] fuck
[LUA-print] fuck
[LUA-print] fuck
[LUA-print] fuck
[LUA-print] fuck
[LUA-print] fuck
[LUA-print] event name:began
[LUA-print] event name:itemAppearChange
[LUA-print] event name:itemDisappear
[LUA-print] event name:itemAppearChange
[LUA-print] event name:itemDisappear
[LUA-print] event name:itemAppearChange
[LUA-print] event name:itemDisappear
[LUA-print] event name:itemAppearChange
[LUA-print] event name:itemDisappear
[LUA-print] event name:itemAppearChange
[LUA-print] event name:itemDisappear
[LUA-print] event name:itemAppearChange
[LUA-print] event name:itemDisappear
[LUA-print] event name:itemAppearChange
[LUA-print] event name:itemDisappear
[LUA-print] event name:itemAppearChange
[LUA-print] event name:itemDisappear
[LUA-print] event name:itemAppearChange
[LUA-print] event name:itemDisappear
[LUA-print] event name:itemAppearChange
[LUA-print] event name:itemDisappear
[LUA-print] event name:itemDisappear
[LUA-print] event name:itemAppear
[LUA-print] event name:itemAppearChange
[LUA-print] event name:itemAppear
[LUA-print] event name:itemAppear
[LUA-print] event name:itemAppear
[LUA-print] event name:itemAppear
[LUA-print] event name:itemAppearChange
[LUA-print] event name:itemAppear
[LUA-print] event name:itemAppear
[LUA-print] event name:itemAppearChange
[LUA-print] event name:itemAppear
[LUA-print] event name:itemAppearChange
[LUA-print] event name:itemAppear
[LUA-print] event name:itemAppearChange
[LUA-print] event name:itemDisappear
[LUA-print] event name:itemAppearChange
[LUA-print] event name:itemAppear
[LUA-print] event name:itemAppear
[LUA-print] event name:itemAppearChange
[LUA-print] event name:itemAppearChange
[LUA-print] event name:itemAppear
[LUA-print] event name:itemAppearChange
[LUA-print] event name:itemDisappear
[LUA-print] event name:scrollEnd
[LUA-print] event name:itemAppear
[LUA-print] event name:began
[LUA-print] event name:itemAppearChange
[LUA-print] event name:itemDisappear
[LUA-print] event name:itemAppearChange
[LUA-print] event name:itemAppear
[LUA-print] event name:itemAppearChange
[LUA-print] event name:itemDisappear
[LUA-print] event name:itemAppearChange
[LUA-print] event name:itemAppear
[LUA-print] event name:itemAppearChange
[LUA-print] event name:itemDisappear
[LUA-print] event name:itemAppearChange
[LUA-print] event name:itemAppear
[LUA-print] event name:itemAppearChange
[LUA-print] event name:itemDisappear
[LUA-print] event name:itemDisappear
[LUA-print] event name:itemAppearChange
[LUA-print] event name:itemAppear
[LUA-print] event name:itemAppear
[LUA-print] event name:itemAppearChange
[LUA-print] event name:itemDisappear
[LUA-print] event name:itemDisappear
[LUA-print] event name:itemAppearChange
[LUA-print] event name:itemAppear
[LUA-print] event name:itemAppear
[LUA-print] event name:itemAppearChange
[LUA-print] event name:itemDisappear
[LUA-print] event name:itemAppearChange
[LUA-print] event name:itemAppear
[LUA-print] event name:itemAppearChange
[LUA-print] event name:itemDisappear
[LUA-print] event name:itemAppearChange
[LUA-print] event name:itemAppear
[LUA-print] event name:itemAppearChange
[LUA-print] event name:itemDisappear
[LUA-print] event name:itemAppearChange
[LUA-print] event name:itemAppear
[LUA-print] event name:itemDisappear
[LUA-print] event name:itemAppearChange
[LUA-print] event name:itemDisappear
[LUA-print] event name:itemAppearChange
[LUA-print] event name:itemDisappear
[LUA-print] event name:itemAppearChange
[LUA-print] event name:itemDisappear
[LUA-print] event name:itemAppearChange
[LUA-print] event name:itemDisappear
[LUA-print] event name:itemAppearChange
[LUA-print] event name:itemDisappear
[LUA-print] event name:itemAppearChange
[LUA-print] event name:itemAppearChange
[LUA-print] event name:itemAppear
[LUA-print] event name:itemAppearChange
[LUA-print] event name:itemAppear
[LUA-print] event name:itemAppear
[LUA-print] event name:itemAppearChange
[LUA-print] event name:itemAppear
[LUA-print] event name:itemAppearChange
[LUA-print] event name:itemAppear
[LUA-print] event name:itemAppearChange
[LUA-print] event name:itemAppear
[LUA-print] event name:itemAppearChange
[LUA-print] event name:itemAppear
[LUA-print] event name:itemAppearChange
[LUA-print] event name:scrollEnd
[LUA-print] event name:itemAppear
[LUA-print] event name:began
[LUA-print] event name:itemAppearChange
[LUA-print] event name:itemAppearChange
[LUA-print] event name:itemAppear
[LUA-print] event name:itemAppearChange
[LUA-print] event name:itemDisappear
[LUA-print] event name:itemAppearChange
[LUA-print] event name:itemAppear
[LUA-print] event name:itemAppearChange
[LUA-print] event name:itemDisappear
[LUA-print] event name:itemAppearChange
[LUA-print] event name:itemAppear
[LUA-print] event name:began
[LUA-print] event name:itemAppearChange
[LUA-print] event name:itemDisappear
[LUA-print] event name:began
[LUA-print] event name:itemAppearChange
[LUA-print] event name:itemAppear
[LUA-print] event name:itemAppearChange
[LUA-print] event name:itemDisappear
[LUA-print] event name:itemAppearChange
[LUA-print] event name:itemAppear
[LUA-print] event name:itemAppearChange
[LUA-print] event name:itemDisappear
[LUA-print] event name:began
[LUA-print] event name:itemAppearChange
[LUA-print] event name:itemAppear
[LUA-print] event name:itemAppearChange
[LUA-print] event name:itemDisappear
[LUA-print] event name:began
[LUA-print] event name:itemDisappear
[LUA-print] event name:itemAppearChange
[LUA-print] event name:itemAppear
[LUA-print] event name:itemAppearChange
[LUA-print] event name:itemDisappear
[LUA-print] event name:itemAppearChange
[LUA-print] event name:itemAppear
[LUA-print] event name:itemAppearChange
[LUA-print] event name:began
[LUA-print] event name:itemDisappear
[LUA-print] event name:itemAppearChange
[LUA-print] event name:itemAppear
[LUA-print] event name:itemAppearChange
[LUA-print] event name:began
[LUA-print] event name:began
[LUA-print] event name:itemDisappear
[LUA-print] event name:itemAppearChange
[LUA-print] event name:itemAppear
[LUA-print] event name:itemAppearChange
[LUA-print] event name:began
[LUA-print] event name:itemDisappear
[LUA-print] event name:itemAppearChange
[LUA-print] event name:itemAppear
[LUA-print] event name:itemAppearChange
[LUA-print] event name:began
[LUA-print] event name:itemAppearChange
[LUA-print] event name:itemAppear
[LUA-print] event name:itemAppearChange
[LUA-print] event name:itemDisappear
[LUA-print] event name:began
[LUA-print] event name:began
[LUA-print] event name:itemAppearChange
[LUA-print] event name:itemAppear
[LUA-print] event name:itemAppearChange
[LUA-print] event name:itemDisappear
[LUA-print] event name:began
[LUA-print] event name:itemAppearChange
[LUA-print] event name:itemAppear
[LUA-print] event name:itemAppearChange
[LUA-print] event name:itemDisappear
[LUA-print] event name:itemAppearChange
[LUA-print] event name:itemAppear
[LUA-print] event name:itemAppearChange
[LUA-print] event name:itemDisappear
[LUA-print] event name:itemAppearChange
[LUA-print] event name:itemAppearChange
[LUA-print] event name:itemAppear
[LUA-print] event name:itemAppearChange
[LUA-print] event name:itemDisappear
[LUA-print] event name:itemAppearChange
[LUA-print] event name:itemAppear
[LUA-print] event name:itemAppearChange
[LUA-print] event name:itemDisappear
[LUA-print] event name:itemAppear
[LUA-print] event name:itemAppearChange
[LUA-print] event name:itemDisappear
[LUA-print] event name:itemAppear
[LUA-print] event name:itemAppearChange
[LUA-print] event name:itemAppearChange
[LUA-print] event name:scrollEnd
[LUA-print] event name:itemAppear
[LUA-print] TestUIListViewScene - event:began
[LUA-print] TestUIListViewScene - event:moved
[LUA-print] TestUIListViewScene - event:moved
[LUA-print] TestUIListViewScene - event:moved
[LUA-print] TestUIListViewScene - event:moved
[LUA-print] TestUIListViewScene - event:moved
[LUA-print] TestUIListViewScene - event:moved
[LUA-print] TestUIListViewScene - event:moved
[LUA-print] TestUIListViewScene - event:moved
[LUA-print] TestUIListViewScene - event:moved
[LUA-print] TestUIListViewScene - event:moved
[LUA-print] TestUIListViewScene - event:moved
[LUA-print] TestUIListViewScene - event:itemAppearChange
[LUA-print] TestUIListViewScene - event:moved
[LUA-print] TestUIListViewScene - event:moved
[LUA-print] TestUIListViewScene - event:moved
[LUA-print] TestUIListViewScene - event:moved
[LUA-print] TestUIListViewScene - event:moved
[LUA-print] TestUIListViewScene - event:moved
[LUA-print] TestUIListViewScene - event:moved
[LUA-print] TestUIListViewScene - event:moved
[LUA-print] TestUIListViewScene - event:moved
[LUA-print] TestUIListViewScene - event:moved
[LUA-print] TestUIListViewScene - event:moved
[LUA-print] TestUIListViewScene - event:moved
[LUA-print] TestUIListViewScene - event:moved
[LUA-print] TestUIListViewScene - event:moved
[LUA-print] TestUIListViewScene - event:moved
[LUA-print] TestUIListViewScene - event:moved
[LUA-print] TestUIListViewScene - event:moved
[LUA-print] TestUIListViewScene - event:moved
[LUA-print] TestUIListViewScene - event:moved
[LUA-print] TestUIListViewScene - event:moved
[LUA-print] TestUIListViewScene - event:itemDisappear
[LUA-print] TestUIListViewScene - event:itemAppearChange
[LUA-print] TestUIListViewScene - event:moved
[LUA-print] TestUIListViewScene - event:moved
[LUA-print] TestUIListViewScene - event:moved
[LUA-print] TestUIListViewScene - event:moved
[LUA-print] TestUIListViewScene - event:moved
[LUA-print] TestUIListViewScene - event:ended
[LUA-print] TestUIListViewScene - event:itemAppearChange
[LUA-print] TestUIListViewScene - event:itemAppear
[LUA-print] TestUIListViewScene - event:itemAppear
[LUA-print] TestUIListViewScene - event:itemAppearChange
[LUA-print] TestUIListViewScene - event:scrollEnd
[LUA-print] TestUIListViewScene - event:itemAppear
[LUA-print] fuck
[LUA-print] async list view clicked idx:33
[LUA-print] fuck
[LUA-print] async list view clicked idx:34
[LUA-print] async list view clicked idx:34
[LUA-print] async list view clicked idx:34
[LUA-print] async list view clicked idx:34
[LUA-print] async list view clicked idx:34
[LUA-print] async list view clicked idx:34
[LUA-print] fuck
[LUA-print] fuck
[LUA-print] fuck
[LUA-print] fuck
[LUA-print] fuck
[LUA-print] fuck
[LUA-print] fuck
[LUA-print] fuck
[LUA-print] fuck
[LUA-print] fuck
[LUA-print] fuck
[LUA-print] fuck
[LUA-print] fuck
[LUA-print] fuck
[LUA-print] fuck
[LUA-print] fuck
[LUA-print] fuck
[LUA-print] fuck
[LUA-print] fuck
[LUA-print] fuck
[LUA-print] fuck
[LUA-print] fuck
[LUA-print] fuck
[LUA-print] fuck
[LUA-print] fuck
[LUA-print] fuck
[LUA-print] fuck
[LUA-print] fuck
[LUA-print] fuck
[LUA-print] fuck
[LUA-print] fuck
[LUA-print] fuck
[LUA-print] fuck
[LUA-print] fuck
[LUA-print] fuck
[LUA-print] fuck
[LUA-print] fuck
[LUA-print] fuck
[LUA-print] fuck
[LUA-print] fuck
[LUA-print] fuck
[LUA-print] fuck
[LUA-print] fuck
[LUA-print] fuck
[LUA-print] fuck
[LUA-print] fuck
[LUA-print] fuck
[LUA-print] fuck
[LUA-print] fuck
[LUA-print] fuck
[LUA-print] fuck
[LUA-print] fuck
[LUA-print] fuck
[LUA-print] fuck
[LUA-print] fuck
[LUA-print] fuck
[LUA-print] fuck
[LUA-print] fuck
[LUA-print] fuck
[LUA-print] fuck
[LUA-print] fuck
[LUA-print] fuck
[LUA-print] fuck
[LUA-print] fuck
[LUA-print] fuck
[LUA-print] fuck
[LUA-print] fuck
[LUA-print] fuck
[LUA-print] fuck
[LUA-print] fuck
[LUA-print] fuck
[LUA-print] fuck
[LUA-print] fuck
[LUA-print] fuck
[LUA-print] fuck
[LUA-print] fuck
[LUA-print] fuck
[LUA-print] fuck
[LUA-print] fuck
[LUA-print] fuck
[LUA-print] fuck
[LUA-print] fuck
[LUA-print] fuck
[LUA-print] fuck
[LUA-print] fuck
[LUA-print] fuck
[LUA-print] fuck
[LUA-print] fuck
[LUA-print] fuck
[LUA-print] fuck
[LUA-print] fuck
[LUA-print] fuck
[LUA-print] fuck
[LUA-print] fuck
[LUA-print] fuck
[LUA-print] fuck
[LUA-print] fuck
[LUA-print] fuck
[LUA-print] fuck
[LUA-print] fuck
[LUA-print] fuck
[LUA-print] fuck
[LUA-print] fuck
[LUA-print] fuck
